<?xml version="1.0" encoding="UTF-8"?>
<!-- Generated by org.testng.reporters.JUnitReportReporter -->
<testsuite hostname="madhusmita" failures="0" tests="22" name="runners.TestRunner" time="221.587" errors="1" timestamp="2025-09-02T19:44:21 IST" skipped="0">
  <testcase classname="runners.TestRunner" name="runScenario" time="7.053"/>
  <testcase classname="runners.TestRunner" name="runScenario" time="8.813"/>
  <testcase classname="runners.TestRunner" name="runScenario" time="9.367"/>
  <testcase classname="runners.TestRunner" name="runScenario" time="8.846"/>
  <testcase classname="runners.TestRunner" name="runScenario" time="24.376"/>
  <testcase classname="runners.TestRunner" name="runScenario" time="5.847"/>
  <testcase classname="runners.TestRunner" name="runScenario" time="7.644"/>
  <testcase classname="runners.TestRunner" name="runScenario" time="8.256"/>
  <testcase classname="runners.TestRunner" name="runScenario" time="7.540">
    <error message="stale element reference: stale element not found in the current frame
  (Session info: chrome=138.0.7204.184)
For documentation on this error, please visit: https://www.selenium.dev/documentation/webdriver/troubleshooting/errors#stale-element-reference-exception
Build info: version: &#039;4.35.0&#039;, revision: &#039;1c58e5028b&#039;
System info: os.name: &#039;Windows 11&#039;, os.arch: &#039;amd64&#039;, os.version: &#039;10.0&#039;, java.version: &#039;21.0.8&#039;
Driver info: org.openqa.selenium.chrome.ChromeDriver
Command: [3b7e2790d4a3e0665c235080b871d959, isElementDisplayed {id=f.9D60985DFF66031F0210E40DDC48BB01.d.C42B2E59D6E439E423EFDF6689231BB0.e.47}]
Capabilities {acceptInsecureCerts: false, browserName: chrome, browserVersion: 138.0.7204.184, chrome: {chromedriverVersion: 138.0.7204.183 (e90faf484dd..., userDataDir: C:\Users\SOUMYA~1\AppData\L...}, fedcm:accounts: true, goog:chromeOptions: {debuggerAddress: localhost:60039}, networkConnectionEnabled: false, pageLoadStrategy: normal, platformName: windows, proxy: Proxy(), se:cdp: ws://localhost:60039/devtoo..., se:cdpVersion: 138.0.7204.184, setWindowRect: true, strictFileInteractability: false, timeouts: {implicit: 0, pageLoad: 300000, script: 30000}, unhandledPromptBehavior: dismiss and notify, webauthn:extension:credBlob: true, webauthn:extension:largeBlob: true, webauthn:extension:minPinLength: true, webauthn:extension:prf: true, webauthn:virtualAuthenticators: true}
Element: [[ChromeDriver: chrome on windows (3b7e2790d4a3e0665c235080b871d959)] -&gt; xpath: //a//img[@alt=&#039;Coming Soon&#039;]]
Session ID: 3b7e2790d4a3e0665c235080b871d959" type="org.openqa.selenium.StaleElementReferenceException">
      <![CDATA[org.openqa.selenium.StaleElementReferenceException: stale element reference: stale element not found in the current frame
  (Session info: chrome=138.0.7204.184)
For documentation on this error, please visit: https://www.selenium.dev/documentation/webdriver/troubleshooting/errors#stale-element-reference-exception
Build info: version: '4.35.0', revision: '1c58e5028b'
System info: os.name: 'Windows 11', os.arch: 'amd64', os.version: '10.0', java.version: '21.0.8'
Driver info: org.openqa.selenium.chrome.ChromeDriver
Command: [3b7e2790d4a3e0665c235080b871d959, isElementDisplayed {id=f.9D60985DFF66031F0210E40DDC48BB01.d.C42B2E59D6E439E423EFDF6689231BB0.e.47}]
Capabilities {acceptInsecureCerts: false, browserName: chrome, browserVersion: 138.0.7204.184, chrome: {chromedriverVersion: 138.0.7204.183 (e90faf484dd..., userDataDir: C:\Users\SOUMYA~1\AppData\L...}, fedcm:accounts: true, goog:chromeOptions: {debuggerAddress: localhost:60039}, networkConnectionEnabled: false, pageLoadStrategy: normal, platformName: windows, proxy: Proxy(), se:cdp: ws://localhost:60039/devtoo..., se:cdpVersion: 138.0.7204.184, setWindowRect: true, strictFileInteractability: false, timeouts: {implicit: 0, pageLoad: 300000, script: 30000}, unhandledPromptBehavior: dismiss and notify, webauthn:extension:credBlob: true, webauthn:extension:largeBlob: true, webauthn:extension:minPinLength: true, webauthn:extension:prf: true, webauthn:virtualAuthenticators: true}
Element: [[ChromeDriver: chrome on windows (3b7e2790d4a3e0665c235080b871d959)] -> xpath: //a//img[@alt='Coming Soon']]
Session ID: 3b7e2790d4a3e0665c235080b871d959
at java.base/jdk.internal.reflect.DirectConstructorHandleAccessor.newInstance(DirectConstructorHandleAccessor.java:62)
at java.base/java.lang.reflect.Constructor.newInstanceWithCaller(Constructor.java:502)
at java.base/java.lang.reflect.Constructor.newInstance(Constructor.java:486)
at org.openqa.selenium.remote.ErrorCodec.decode(ErrorCodec.java:167)
at org.openqa.selenium.remote.codec.w3c.W3CHttpResponseCodec.decode(W3CHttpResponseCodec.java:138)
at org.openqa.selenium.remote.codec.w3c.W3CHttpResponseCodec.decode(W3CHttpResponseCodec.java:50)
at org.openqa.selenium.remote.HttpCommandExecutor.execute(HttpCommandExecutor.java:215)
at org.openqa.selenium.remote.service.DriverCommandExecutor.invokeExecute(DriverCommandExecutor.java:216)
at org.openqa.selenium.remote.service.DriverCommandExecutor.execute(DriverCommandExecutor.java:174)
at org.openqa.selenium.remote.RemoteWebDriver.execute(RemoteWebDriver.java:557)
at org.openqa.selenium.remote.RemoteWebElement.execute(RemoteWebElement.java:223)
at org.openqa.selenium.remote.RemoteWebElement.isDisplayed(RemoteWebElement.java:282)
at java.base/jdk.internal.reflect.DirectMethodHandleAccessor.invoke(DirectMethodHandleAccessor.java:103)
at java.base/java.lang.reflect.Method.invoke(Method.java:580)
at org.openqa.selenium.support.pagefactory.internal.LocatingElementHandler.invoke(LocatingElementHandler.java:51)
at jdk.proxy2/jdk.proxy2.$Proxy25.isDisplayed(Unknown Source)
at org.openqa.selenium.support.ui.ExpectedConditions.elementIfVisible(ExpectedConditions.java:304)
at org.openqa.selenium.support.ui.ExpectedConditions$10.apply(ExpectedConditions.java:290)
at org.openqa.selenium.support.ui.ExpectedConditions$10.apply(ExpectedConditions.java:287)
at org.openqa.selenium.support.ui.ExpectedConditions$23.apply(ExpectedConditions.java:656)
at org.openqa.selenium.support.ui.ExpectedConditions$23.apply(ExpectedConditions.java:652)
at org.openqa.selenium.support.ui.FluentWait.until(FluentWait.java:203)
at utils.WaitUtils.waitForClickability(WaitUtils.java:36)
at pages.MoviePage.clickExploreUpcomingMovies(MoviePage.java:169)
at stepDefinitions.MovieSteps.i_click_on_the_link(MovieSteps.java:45)
at âœ½.I click on the "Explore Upcoming Movies" link(file:///C:/Users/soumyakanta%20behera/Downloads/automation-framework-cucumber/automation-framework-cucumber/features/movie.feature:35)
]]>
    </error>
  </testcase> <!-- runScenario -->
  <testcase classname="runners.TestRunner" name="runScenario" time="9.808"/>
  <testcase classname="runners.TestRunner" name="runScenario" time="7.730"/>
  <testcase classname="runners.TestRunner" name="runScenario" time="9.029"/>
  <testcase classname="runners.TestRunner" name="runScenario" time="8.911"/>
  <testcase classname="runners.TestRunner" name="runScenario" time="23.670"/>
  <testcase classname="runners.TestRunner" name="runScenario" time="7.511"/>
  <testcase classname="runners.TestRunner" name="runScenario" time="11.782"/>
  <testcase classname="runners.TestRunner" name="runScenario" time="10.261"/>
  <testcase classname="runners.TestRunner" name="runScenario" time="7.709"/>
  <testcase classname="runners.TestRunner" name="runScenario" time="11.259"/>
  <testcase classname="runners.TestRunner" name="runScenario" time="6.010"/>
  <testcase classname="runners.TestRunner" name="runScenario" time="11.315"/>
  <testcase classname="runners.TestRunner" name="runScenario" time="8.850"/>
</testsuite> <!-- runners.TestRunner -->
